{
  "stats": {
    "suites": 4,
    "tests": 4,
    "passes": 4,
    "pending": 0,
    "failures": 0,
    "start": "2025-07-02T07:52:58.409Z",
    "end": "2025-07-02T07:54:14.740Z",
    "duration": 76331,
    "testsRegistered": 4,
    "passPercent": 100,
    "pendingPercent": 0,
    "other": 0,
    "hasOther": false,
    "skipped": 0,
    "hasSkipped": false
  },
  "results": [
    {
      "uuid": "6811f8ea-44ea-461f-a1e5-03aab664ec38",
      "title": "",
      "fullFile": "",
      "file": "",
      "beforeHooks": [],
      "afterHooks": [],
      "tests": [],
      "suites": [
        {
          "uuid": "f9feae1b-d4ea-402b-8145-7e7d5ab9a54f",
          "title": "Logout",
          "fullFile": "E:\\Invidual\\NAPA GLOBAL\\PROJECT\\tranning-tests\\tests\\logout_test.js",
          "file": "\\tests\\logout_test.js",
          "beforeHooks": [
            {
              "title": "\"before all\" hook: codeceptjs.beforeSuite in \"Logout\"",
              "fullTitle": "Logout \"before all\" hook: codeceptjs.beforeSuite in \"Logout\"",
              "timedOut": false,
              "duration": 1,
              "state": null,
              "speed": null,
              "pass": false,
              "fail": false,
              "pending": false,
              "context": null,
              "code": "suiteSetup(suite)",
              "err": {},
              "uuid": "8b1242ae-1376-4d30-b5f8-c4926e248bf9",
              "parentUUID": "f9feae1b-d4ea-402b-8145-7e7d5ab9a54f",
              "isHook": true,
              "skipped": false
            },
            {
              "title": "\"before each\" hook: codeceptjs.before in \"Logout\"",
              "fullTitle": "Logout \"before each\" hook: codeceptjs.before in \"Logout\"",
              "timedOut": false,
              "duration": 6134,
              "state": null,
              "speed": null,
              "pass": false,
              "fail": false,
              "pending": false,
              "context": null,
              "code": "setup(suite)",
              "err": {},
              "uuid": "1d079982-968b-4b51-9bd3-c53fb11ebb4e",
              "parentUUID": "f9feae1b-d4ea-402b-8145-7e7d5ab9a54f",
              "isHook": true,
              "skipped": false
            },
            {
              "title": "\"before each\" hook: Before in \"Logout\"",
              "fullTitle": "Logout \"before each\" hook: Before in \"Logout\"",
              "timedOut": false,
              "duration": 5689,
              "state": null,
              "speed": null,
              "pass": false,
              "fail": false,
              "pending": false,
              "context": null,
              "code": "I }) => {\n    const username = 'standard_user'\n    const pass = 'secret_sauce'\n    const loginPage = new LoginPage(I);\n    await loginPage.login(username, pass)",
              "err": {},
              "uuid": "ed943272-9119-460e-9ddc-47d6624a2a82",
              "parentUUID": "f9feae1b-d4ea-402b-8145-7e7d5ab9a54f",
              "isHook": true,
              "skipped": false
            }
          ],
          "afterHooks": [
            {
              "title": "\"after all\" hook: codeceptjs.afterSuite in \"Logout\"",
              "fullTitle": "Logout \"after all\" hook: codeceptjs.afterSuite in \"Logout\"",
              "timedOut": false,
              "duration": 0,
              "state": null,
              "speed": null,
              "pass": false,
              "fail": false,
              "pending": false,
              "context": null,
              "code": "suiteTeardown(suite)",
              "err": {},
              "uuid": "ef1cab34-068d-4e8a-9f34-180ebe11b773",
              "parentUUID": "f9feae1b-d4ea-402b-8145-7e7d5ab9a54f",
              "isHook": true,
              "skipped": false
            },
            {
              "title": "\"after each\" hook: finalize codeceptjs in \"Logout\"",
              "fullTitle": "Logout \"after each\" hook: finalize codeceptjs in \"Logout\"",
              "timedOut": false,
              "duration": 520,
              "state": null,
              "speed": null,
              "pass": false,
              "fail": false,
              "pending": false,
              "context": null,
              "code": "teardown(suite)",
              "err": {},
              "uuid": "30943443-29a9-42e7-933a-da62ab8a80d0",
              "parentUUID": "f9feae1b-d4ea-402b-8145-7e7d5ab9a54f",
              "isHook": true,
              "skipped": false
            }
          ],
          "tests": [
            {
              "title": "User logout",
              "fullTitle": "Logout: User logout",
              "timedOut": false,
              "duration": 4672,
              "state": "passed",
              "speed": "slow",
              "pass": true,
              "fail": false,
              "pending": false,
              "context": null,
              "code": "I}) => {\n    const logoutPage = new LogoutPage(I)\n    await logoutPage.logout();\n    await logoutPage.isLoginPageDisplay();",
              "err": {},
              "uuid": "aefb83ca-2a08-49f9-a87a-716de1ead82f",
              "parentUUID": "f9feae1b-d4ea-402b-8145-7e7d5ab9a54f",
              "isHook": false,
              "skipped": false
            }
          ],
          "suites": [],
          "passes": [
            "aefb83ca-2a08-49f9-a87a-716de1ead82f"
          ],
          "failures": [],
          "pending": [],
          "skipped": [],
          "duration": 4672,
          "root": false,
          "rootEmpty": false,
          "_timeout": 0
        },
        {
          "uuid": "19fa563e-e234-415f-8bf8-aae1a527ca29",
          "title": "Login",
          "fullFile": "E:\\Invidual\\NAPA GLOBAL\\PROJECT\\tranning-tests\\tests\\login_test.js",
          "file": "\\tests\\login_test.js",
          "beforeHooks": [
            {
              "title": "\"before all\" hook: codeceptjs.beforeSuite in \"Login\"",
              "fullTitle": "Login \"before all\" hook: codeceptjs.beforeSuite in \"Login\"",
              "timedOut": false,
              "duration": 1,
              "state": null,
              "speed": null,
              "pass": false,
              "fail": false,
              "pending": false,
              "context": null,
              "code": "suiteSetup(suite)",
              "err": {},
              "uuid": "203af804-7ea3-43dd-b859-d1d7921f5032",
              "parentUUID": "19fa563e-e234-415f-8bf8-aae1a527ca29",
              "isHook": true,
              "skipped": false
            },
            {
              "title": "\"before each\" hook: codeceptjs.before in \"Login\"",
              "fullTitle": "Login \"before each\" hook: codeceptjs.before in \"Login\"",
              "timedOut": false,
              "duration": 4949,
              "state": null,
              "speed": null,
              "pass": false,
              "fail": false,
              "pending": false,
              "context": null,
              "code": "setup(suite)",
              "err": {},
              "uuid": "036d81e9-3617-4e0c-9f8b-78eb62d57930",
              "parentUUID": "19fa563e-e234-415f-8bf8-aae1a527ca29",
              "isHook": true,
              "skipped": false
            }
          ],
          "afterHooks": [
            {
              "title": "\"after all\" hook: codeceptjs.afterSuite in \"Login\"",
              "fullTitle": "Login \"after all\" hook: codeceptjs.afterSuite in \"Login\"",
              "timedOut": false,
              "duration": 0,
              "state": null,
              "speed": null,
              "pass": false,
              "fail": false,
              "pending": false,
              "context": null,
              "code": "suiteTeardown(suite)",
              "err": {},
              "uuid": "90069495-26f5-44f3-9786-082fe3a696cf",
              "parentUUID": "19fa563e-e234-415f-8bf8-aae1a527ca29",
              "isHook": true,
              "skipped": false
            },
            {
              "title": "\"after each\" hook: finalize codeceptjs in \"Login\"",
              "fullTitle": "Login \"after each\" hook: finalize codeceptjs in \"Login\"",
              "timedOut": false,
              "duration": 585,
              "state": null,
              "speed": null,
              "pass": false,
              "fail": false,
              "pending": false,
              "context": null,
              "code": "teardown(suite)",
              "err": {},
              "uuid": "14b628b1-9ada-43ad-b3b7-003d4a27a6ac",
              "parentUUID": "19fa563e-e234-415f-8bf8-aae1a527ca29",
              "isHook": true,
              "skipped": false
            }
          ],
          "tests": [
            {
              "title": "User login successfull and see Product page",
              "fullTitle": "Login: User login successfull and see Product page",
              "timedOut": false,
              "duration": 6961,
              "state": "passed",
              "speed": "slow",
              "pass": true,
              "fail": false,
              "pending": false,
              "context": null,
              "code": "I }) => {\n    console.log(\"lalala\")\n    const username = 'standard_user'\n    const pass = 'secret_sauce'\n    // I.fillField('~test-Username', 'standard_user');\n    // I.fillField('~test-Password', 'secret_sauce');\n    // I.click('~test-LOGIN')\n    // I.waitForElement('PRODUCTS', 10);\n    // const heading = await I.grabTextFrom('PRODUCTS');\n    const loginPage = new LoginPage(I);\n    await loginPage.login(username, pass)\n    const heading = await loginPage.getHeadingProductPage()\n    console.log('Heading is', heading)\n    expect(heading).to.equal('PRODUCTS', \"Heading does not match\");",
              "err": {},
              "uuid": "a5bbfb3c-12e9-422d-8cd5-9eeb7f66d91d",
              "parentUUID": "19fa563e-e234-415f-8bf8-aae1a527ca29",
              "isHook": false,
              "skipped": false
            }
          ],
          "suites": [],
          "passes": [
            "a5bbfb3c-12e9-422d-8cd5-9eeb7f66d91d"
          ],
          "failures": [],
          "pending": [],
          "skipped": [],
          "duration": 6961,
          "root": false,
          "rootEmpty": false,
          "_timeout": 0
        },
        {
          "uuid": "197047db-fab8-4a18-bd58-7c01deaf7f6d",
          "title": "Checkout",
          "fullFile": "E:\\Invidual\\NAPA GLOBAL\\PROJECT\\tranning-tests\\tests\\checkout_test.js",
          "file": "\\tests\\checkout_test.js",
          "beforeHooks": [
            {
              "title": "\"before all\" hook: codeceptjs.beforeSuite in \"Checkout\"",
              "fullTitle": "Checkout \"before all\" hook: codeceptjs.beforeSuite in \"Checkout\"",
              "timedOut": false,
              "duration": 0,
              "state": null,
              "speed": null,
              "pass": false,
              "fail": false,
              "pending": false,
              "context": null,
              "code": "suiteSetup(suite)",
              "err": {},
              "uuid": "9fe5eb1b-9ba4-4f06-9fb7-808a9783144e",
              "parentUUID": "197047db-fab8-4a18-bd58-7c01deaf7f6d",
              "isHook": true,
              "skipped": false
            },
            {
              "title": "\"before each\" hook: codeceptjs.before in \"Checkout\"",
              "fullTitle": "Checkout \"before each\" hook: codeceptjs.before in \"Checkout\"",
              "timedOut": false,
              "duration": 5513,
              "state": null,
              "speed": null,
              "pass": false,
              "fail": false,
              "pending": false,
              "context": null,
              "code": "setup(suite)",
              "err": {},
              "uuid": "19f9241e-a946-429c-85cb-ea1f52da95ec",
              "parentUUID": "197047db-fab8-4a18-bd58-7c01deaf7f6d",
              "isHook": true,
              "skipped": false
            },
            {
              "title": "\"before each\" hook: Before in \"Checkout\"",
              "fullTitle": "Checkout \"before each\" hook: Before in \"Checkout\"",
              "timedOut": false,
              "duration": 5712,
              "state": null,
              "speed": null,
              "pass": false,
              "fail": false,
              "pending": false,
              "context": null,
              "code": "I }) => {\n    const username = 'standard_user'\n    const pass = 'secret_sauce'\n    const loginPage = new LoginPage(I);\n    await loginPage.login(username, pass);",
              "err": {},
              "uuid": "659fc567-b4b5-449f-be14-bc1910e63e31",
              "parentUUID": "197047db-fab8-4a18-bd58-7c01deaf7f6d",
              "isHook": true,
              "skipped": false
            }
          ],
          "afterHooks": [
            {
              "title": "\"after all\" hook: codeceptjs.afterSuite in \"Checkout\"",
              "fullTitle": "Checkout \"after all\" hook: codeceptjs.afterSuite in \"Checkout\"",
              "timedOut": false,
              "duration": 0,
              "state": null,
              "speed": null,
              "pass": false,
              "fail": false,
              "pending": false,
              "context": null,
              "code": "suiteTeardown(suite)",
              "err": {},
              "uuid": "0f3ea8f1-9fd8-41f0-baee-bad41d097ecf",
              "parentUUID": "197047db-fab8-4a18-bd58-7c01deaf7f6d",
              "isHook": true,
              "skipped": false
            },
            {
              "title": "\"after each\" hook: finalize codeceptjs in \"Checkout\"",
              "fullTitle": "Checkout \"after each\" hook: finalize codeceptjs in \"Checkout\"",
              "timedOut": false,
              "duration": 539,
              "state": null,
              "speed": null,
              "pass": false,
              "fail": false,
              "pending": false,
              "context": null,
              "code": "teardown(suite)",
              "err": {},
              "uuid": "d9eafb3f-415d-4df3-8297-b7772000a5fe",
              "parentUUID": "197047db-fab8-4a18-bd58-7c01deaf7f6d",
              "isHook": true,
              "skipped": false
            }
          ],
          "tests": [
            {
              "title": "User perform checkout order",
              "fullTitle": "Checkout: User perform checkout order",
              "timedOut": false,
              "duration": 18099,
              "state": "passed",
              "speed": "slow",
              "pass": true,
              "fail": false,
              "pending": false,
              "context": null,
              "code": "I}) => {\n    const productPage = new ProductPage(I);\n    const checkoutPage = new CheckoutPage(I);\n    const firstName = 'abc'\n    const lastName = 'thanh'\n    const zipCode = '123123'\n    const productName='Sauce Labs Backpack'\n    // them san pham vao gio hang\n    await productPage.addProductToCart(productName);\n    // dieu huong den trang gio hang\n    await productPage.goToCart();\n    \n    // den trang checkout\n    await checkoutPage.gotoCheckout();\n    // thuc hien dien thong tin de tien hanh checkout\n    await checkoutPage.performCheckout(firstName, lastName, zipCode)\n    const actualMsgAfterOrder = await checkoutPage.isCheckoutSuccess();\n    const expectedMsgAfterOrder = \"THANK YOU FOR YOU ORDER\"\n    expect(actualMsgAfterOrder).to.include(expectedMsgAfterOrder, \"Actual Message Does Not Match With Expected Message\");",
              "err": {},
              "uuid": "fcefda04-c32e-4048-8161-c0dadd21b78b",
              "parentUUID": "197047db-fab8-4a18-bd58-7c01deaf7f6d",
              "isHook": false,
              "skipped": false
            }
          ],
          "suites": [],
          "passes": [
            "fcefda04-c32e-4048-8161-c0dadd21b78b"
          ],
          "failures": [],
          "pending": [],
          "skipped": [],
          "duration": 18099,
          "root": false,
          "rootEmpty": false,
          "_timeout": 0
        },
        {
          "uuid": "0862cad4-66ad-40b4-9b14-cb5e87c989fe",
          "title": "Add to cart",
          "fullFile": "E:\\Invidual\\NAPA GLOBAL\\PROJECT\\tranning-tests\\tests\\add_to_cart_test.js",
          "file": "\\tests\\add_to_cart_test.js",
          "beforeHooks": [
            {
              "title": "\"before all\" hook: codeceptjs.beforeSuite in \"Add to cart\"",
              "fullTitle": "Add to cart \"before all\" hook: codeceptjs.beforeSuite in \"Add to cart\"",
              "timedOut": false,
              "duration": 0,
              "state": null,
              "speed": null,
              "pass": false,
              "fail": false,
              "pending": false,
              "context": null,
              "code": "suiteSetup(suite)",
              "err": {},
              "uuid": "92218988-889c-40dd-bc05-a5e9748cf749",
              "parentUUID": "0862cad4-66ad-40b4-9b14-cb5e87c989fe",
              "isHook": true,
              "skipped": false
            },
            {
              "title": "\"before each\" hook: codeceptjs.before in \"Add to cart\"",
              "fullTitle": "Add to cart \"before each\" hook: codeceptjs.before in \"Add to cart\"",
              "timedOut": false,
              "duration": 5106,
              "state": null,
              "speed": null,
              "pass": false,
              "fail": false,
              "pending": false,
              "context": null,
              "code": "setup(suite)",
              "err": {},
              "uuid": "c2ca3e5a-3779-4fa6-afa2-e1a1d006ee83",
              "parentUUID": "0862cad4-66ad-40b4-9b14-cb5e87c989fe",
              "isHook": true,
              "skipped": false
            },
            {
              "title": "\"before each\" hook: Before in \"Add to cart\"",
              "fullTitle": "Add to cart \"before each\" hook: Before in \"Add to cart\"",
              "timedOut": false,
              "duration": 5819,
              "state": null,
              "speed": null,
              "pass": false,
              "fail": false,
              "pending": false,
              "context": null,
              "code": "I }) => {\n    const username = 'standard_user'\n    const pass = 'secret_sauce'\n    const loginPage = new LoginPage(I);\n    await loginPage.login(username, pass)",
              "err": {},
              "uuid": "6b4be23c-bf32-4b30-85d0-e712a618e804",
              "parentUUID": "0862cad4-66ad-40b4-9b14-cb5e87c989fe",
              "isHook": true,
              "skipped": false
            }
          ],
          "afterHooks": [
            {
              "title": "\"after all\" hook: codeceptjs.afterSuite in \"Add to cart\"",
              "fullTitle": "Add to cart \"after all\" hook: codeceptjs.afterSuite in \"Add to cart\"",
              "timedOut": false,
              "duration": 0,
              "state": null,
              "speed": null,
              "pass": false,
              "fail": false,
              "pending": false,
              "context": null,
              "code": "suiteTeardown(suite)",
              "err": {},
              "uuid": "af653272-c246-4d4e-a3dd-a3ba7d00d311",
              "parentUUID": "0862cad4-66ad-40b4-9b14-cb5e87c989fe",
              "isHook": true,
              "skipped": false
            },
            {
              "title": "\"after each\" hook: finalize codeceptjs in \"Add to cart\"",
              "fullTitle": "Add to cart \"after each\" hook: finalize codeceptjs in \"Add to cart\"",
              "timedOut": false,
              "duration": 731,
              "state": null,
              "speed": null,
              "pass": false,
              "fail": false,
              "pending": false,
              "context": null,
              "code": "teardown(suite)",
              "err": {},
              "uuid": "13f214f4-9e9e-4b89-8f70-e90dfd371400",
              "parentUUID": "0862cad4-66ad-40b4-9b14-cb5e87c989fe",
              "isHook": true,
              "skipped": false
            }
          ],
          "tests": [
            {
              "title": "User go to add product to cart",
              "fullTitle": "Add to cart: User go to add product to cart",
              "timedOut": false,
              "duration": 5286,
              "state": "passed",
              "speed": "slow",
              "pass": true,
              "fail": false,
              "pending": false,
              "context": null,
              "code": "I}) => {\n    const productName='Sauce Labs Backpack'\n    const expectCartCoutn = '1'\n    // Add to cart\n    const productPage = new ProductPage(I)\n    await productPage.addProductToCart(productName)\n    // Check Volumn after Add product to cart\n    const actualCartCoutn = await productPage.getCartVolumn()\n    await expect(actualCartCoutn).to.equal(expectCartCoutn, 'The volumn does not match');",
              "err": {},
              "uuid": "5c7e01d9-2264-4e7e-8f5f-a4b3d8fef099",
              "parentUUID": "0862cad4-66ad-40b4-9b14-cb5e87c989fe",
              "isHook": false,
              "skipped": false
            }
          ],
          "suites": [],
          "passes": [
            "5c7e01d9-2264-4e7e-8f5f-a4b3d8fef099"
          ],
          "failures": [],
          "pending": [],
          "skipped": [],
          "duration": 5286,
          "root": false,
          "rootEmpty": false,
          "_timeout": 0
        }
      ],
      "passes": [],
      "failures": [],
      "pending": [],
      "skipped": [],
      "duration": 0,
      "root": true,
      "rootEmpty": true,
      "_timeout": 0
    }
  ],
  "meta": {
    "mocha": {
      "version": "11.1.0"
    },
    "mochawesome": {
      "options": {
        "quiet": false,
        "reportFilename": "mochawesome",
        "saveHtml": true,
        "saveJson": true,
        "consoleReporter": "spec",
        "useInlineDiffs": false,
        "code": true
      },
      "version": "7.1.3"
    },
    "marge": {
      "options": {
        "reportDir": "output/logs"
      },
      "version": "6.2.0"
    }
  }
}